# JRE version: OpenJDK Runtime Environment Temurin-25.0.1+8 (25.0.1+8) (build 25.0.1+8-LTS)
# Java VM: OpenJDK 64-Bit Server VM Temurin-25.0.1+8 (25.0.1+8-LTS, mixed mode, emulated-client, sharing, tiered, compressed oops, compressed class ptrs, g1 gc, windows-amd64)
GC Precious Log:
 CardTable entry size: 512
 Card Set container configuration: InlinePtr #cards 5 size 8 Array Of Cards #cards 10 size 36 Howl #buckets 4 coarsen threshold 1843 Howl Bitmap #cards 512 size 80 coarsen threshold 460 Card regions per heap region 1 cards per card region 2048
 CPUs: 16 total, 16 available
 Memory: 15773M
 Large Page Support: Disabled
 NUMA Support: Disabled
 Compressed Oops: Enabled (32-bit)
 Heap Region Size: 1M
 Heap Min Capacity: 8M
 Heap Initial Capacity: 248M
 Heap Max Capacity: 1G
 Pre-touch: Disabled
 Parallel Workers: 13
 Concurrent Workers: 3
 Concurrent Refinement Workers: 13
 Periodic GC: Disabled
Heap:
 garbage-first heap   total reserved 1048576K, committed 130048K, used 55499K [0x00000000c0000000, 0x0000000100000000)
  region size 1024K, 1 young (1024K), 0 survivors (0K)
GC Heap Usage History (20 events):
Event: 14801.121 {heap After GC invocations=1119 (full 955):
 garbage-first heap   total reserved 1048576K, committed 130048K, used 58265K [0x00000000c0000000, 0x0000000100000000)
  region size 1024K, 2 young (2048K), 2 survivors (2048K)
}
Event: 14838.104 {heap Before GC invocations=1120 (full 955):
 garbage-first heap   total reserved 1048576K, committed 130048K, used 113561K [0x00000000c0000000, 0x0000000100000000)
  region size 1024K, 57 young (58368K), 2 survivors (2048K)
}
Event: 14838.105 {heap After GC invocations=1121 (full 955):
 garbage-first heap   total reserved 1048576K, committed 130048K, used 60721K [0x00000000c0000000, 0x0000000100000000)
  region size 1024K, 4 young (4096K), 4 survivors (4096K)
}
Event: 14898.891 {heap Before GC invocations=1121 (full 955):
 garbage-first heap   total reserved 1048576K, committed 130048K, used 112945K [0x00000000c0000000, 0x0000000100000000)
  region size 1024K, 56 young (57344K), 4 survivors (4096K)
}
Event: 14898.893 {heap After GC invocations=1122 (full 955):
 garbage-first heap   total reserved 1048576K, committed 130048K, used 59981K [0x00000000c0000000, 0x0000000100000000)
  region size 1024K, 3 young (3072K), 3 survivors (3072K)
}
Event: 14912.996 {heap Before GC invocations=1122 (full 955):
 garbage-first heap   total reserved 1048576K, committed 130048K, used 114253K [0x00000000c0000000, 0x0000000100000000)
  region size 1024K, 57 young (58368K), 3 survivors (3072K)
}
Event: 14912.997 {heap After GC invocations=1123 (full 955):
 garbage-first heap   total reserved 1048576K, committed 130048K, used 61389K [0x00000000c0000000, 0x0000000100000000)
  region size 1024K, 5 young (5120K), 5 survivors (5120K)
}
Event: 15092.729 {heap Before GC invocations=1124 (full 955):
 garbage-first heap   total reserved 1048576K, committed 130048K, used 113419K [0x00000000c0000000, 0x0000000100000000)
  region size 1024K, 58 young (59392K), 5 survivors (5120K)
}
Event: 15092.749 {heap After GC invocations=1125 (full 956):
 garbage-first heap   total reserved 1048576K, committed 130048K, used 56117K [0x00000000c0000000, 0x0000000100000000)
  region size 1024K, 0 young (0K), 0 survivors (0K)
}
Event: 15185.003 {heap Before GC invocations=1125 (full 956):
 garbage-first heap   total reserved 1048576K, committed 130048K, used 116533K [0x00000000c0000000, 0x0000000100000000)
  region size 1024K, 59 young (60416K), 0 survivors (0K)
}
Event: 15185.005 {heap After GC invocations=1126 (full 956):
 garbage-first heap   total reserved 1048576K, committed 130048K, used 58926K [0x00000000c0000000, 0x0000000100000000)
  region size 1024K, 3 young (3072K), 3 survivors (3072K)
}
Event: 15200.970 {heap Before GC invocations=1127 (full 956):
 garbage-first heap   total reserved 1048576K, committed 130048K, used 116270K [0x00000000c0000000, 0x0000000100000000)
  region size 1024K, 59 young (60416K), 3 survivors (3072K)
}
Event: 15200.971 {heap After GC invocations=1128 (full 956):
 garbage-first heap   total reserved 1048576K, committed 130048K, used 59717K [0x00000000c0000000, 0x0000000100000000)
  region size 1024K, 4 young (4096K), 4 survivors (4096K)
}
Event: 15201.750 {heap Before GC invocations=1128 (full 956):
 garbage-first heap   total reserved 1048576K, committed 130048K, used 115013K [0x00000000c0000000, 0x0000000100000000)
  region size 1024K, 58 young (59392K), 4 survivors (4096K)
}
Event: 15201.751 {heap After GC invocations=1129 (full 956):
 garbage-first heap   total reserved 1048576K, committed 130048K, used 58164K [0x00000000c0000000, 0x0000000100000000)
  region size 1024K, 2 young (2048K), 2 survivors (2048K)
}
Event: 15252.853 {heap Before GC invocations=1129 (full 956):
 garbage-first heap   total reserved 1048576K, committed 130048K, used 63284K [0x00000000c0000000, 0x0000000100000000)
  region size 1024K, 8 young (8192K), 2 survivors (2048K)
}
Event: 15252.875 {heap After GC invocations=1130 (full 957):
 garbage-first heap   total reserved 1048576K, committed 130048K, used 55501K [0x00000000c0000000, 0x0000000100000000)
  region size 1024K, 0 young (0K), 0 survivors (0K)
}
Event: 15262.970 {heap Before GC invocations=1130 (full 957):
 garbage-first heap   total reserved 1048576K, committed 130048K, used 55501K [0x00000000c0000000, 0x0000000100000000)
  region size 1024K, 1 young (1024K), 0 survivors (0K)
}
Event: 15262.988 {heap After GC invocations=1131 (full 958):
 garbage-first heap   total reserved 1048576K, committed 130048K, used 55499K [0x00000000c0000000, 0x0000000100000000)
  region size 1024K, 0 young (0K), 0 survivors (0K)
}
Event: 15274.042 {heap Before GC invocations=1131 (full 958):
 garbage-first heap   total reserved 1048576K, committed 130048K, used 55499K [0x00000000c0000000, 0x0000000100000000)
  region size 1024K, 1 young (1024K), 0 survivors (0K)
}

